app/build/intermediates/manifest_merge_blame_file/debug/manifest-merger-blame-debug-report.txt
1<?xml version="1.0" encoding="utf-8"?>
2<manifest xmlns:android="http://schemas.android.com/apk/res/android"
3    package="com.kiran.addition"
4    android:versionCode="1"
5    android:versionName="1.0" >
6
7    <uses-sdk
8        android:minSdkVersion="19"
8-->src/main/AndroidManifest.xml
9        android:targetSdkVersion="28" />
9-->src/main/AndroidManifest.xml
10
11    <application
11-->src/main/AndroidManifest.xml:3:5-10:19
12        android:appComponentFactory="android.support.v4.app.CoreComponentFactory"
12-->[com.android.support:support-compat:28.0.0] AndroidManifest.xml:22:18-91
13        android:debuggable="true"
14        android:label="@string/app_name" >
14-->src/main/AndroidManifest.xml:3:18-50
15        <activity android:name="com.kiran.addition.MainActivity" >
15-->src/main/AndroidManifest.xml:4:9-9:20
15-->src/main/AndroidManifest.xml:4:19-65
16            <intent-filter>
16-->src/main/AndroidManifest.xml:5:14-8:30
17                <category android:name="android.intent.category.LAUNCHER" />
17-->src/main/AndroidManifest.xml:6:17-76
17-->src/main/AndroidManifest.xml:6:27-74
18
19                <action android:name="android.intent.action.MAIN" />
19-->src/main/AndroidManifest.xml:7:17-68
19-->src/main/AndroidManifest.xml:7:25-66
20            </intent-filter>
21        </activity>
22    </application>
23
24</manifest>